app/build/intermediates/manifest_merge_blame_file/debug/manifest-merger-blame-debug-report.txt
1<?xml version="1.0" encoding="utf-8"?>
2<manifest xmlns:android="http://schemas.android.com/apk/res/android"
3    package="com.rip.launcher"
4    android:versionCode="1"
5    android:versionName="1.0" >
6
7    <uses-sdk
7-->src/main/AndroidManifest.xml:6:5-8:37
8        android:minSdkVersion="23"
8-->src/main/AndroidManifest.xml:7:5-31
9        android:targetSdkVersion="35" />
9-->src/main/AndroidManifest.xml:8:5-34
10
11    <uses-permission android:name="android.permission.INTERNET" />
11-->src/main/AndroidManifest.xml:10:5-67
11-->src/main/AndroidManifest.xml:10:22-64
12
13    <application
13-->src/main/AndroidManifest.xml:12:5-32:19
14        android:allowBackup="false"
14-->src/main/AndroidManifest.xml:15:9-36
15        android:debuggable="true"
16        android:label="Rip Launcher"
16-->src/main/AndroidManifest.xml:14:9-37
17        android:supportsRtl="true"
17-->src/main/AndroidManifest.xml:16:9-35
18        android:theme="@style/AppTheme" >
18-->src/main/AndroidManifest.xml:13:9-40
19        <activity
19-->src/main/AndroidManifest.xml:18:9-30:20
20            android:name="com.rip.launcher.MainActivity"
20-->src/main/AndroidManifest.xml:19:13-41
21            android:exported="true" >
21-->src/main/AndroidManifest.xml:20:13-36
22            <intent-filter>
22-->src/main/AndroidManifest.xml:22:13-28:29
23                <action android:name="android.intent.action.MAIN" />
23-->src/main/AndroidManifest.xml:24:17-69
23-->src/main/AndroidManifest.xml:24:25-66
24
25                <category android:name="android.intent.category.LAUNCHER" />
25-->src/main/AndroidManifest.xml:26:17-77
25-->src/main/AndroidManifest.xml:26:27-74
26            </intent-filter>
27        </activity>
28    </application>
29
30</manifest>